npm ERR! missing script: start_prod
npm ERR! 
npm ERR! Did you mean this?
npm ERR!     start

npm ERR! A complete log of this run can be found in:
npm ERR!     /root/.npm/_logs/2020-09-07T18_50_56_720Z-debug.log
npm ERR! missing script: start_prod
npm ERR! 
npm ERR! Did you mean this?
npm ERR!     start

npm ERR! A complete log of this run can be found in:
npm ERR!     /root/.npm/_logs/2020-09-07T18_50_57_451Z-debug.log
npm ERR! missing script: start_prod
npm ERR! 
npm ERR! Did you mean this?
npm ERR!     start

npm ERR! A complete log of this run can be found in:
npm ERR!     /root/.npm/_logs/2020-09-07T18_50_57_974Z-debug.log
npm ERR! missing script: start_prod
npm ERR! 
npm ERR! Did you mean this?
npm ERR!     start

npm ERR! A complete log of this run can be found in:
npm ERR!     /root/.npm/_logs/2020-09-07T18_50_58_510Z-debug.log
npm ERR! missing script: start_prod
npm ERR! 
npm ERR! Did you mean this?
npm ERR!     start

npm ERR! A complete log of this run can be found in:
npm ERR!     /root/.npm/_logs/2020-09-07T18_50_59_053Z-debug.log
npm ERR! missing script: start_prod
npm ERR! 
npm ERR! Did you mean this?
npm ERR!     start

npm ERR! A complete log of this run can be found in:
npm ERR!     /root/.npm/_logs/2020-09-07T18_50_59_715Z-debug.log
npm ERR! missing script: start_prod
npm ERR! 
npm ERR! Did you mean this?
npm ERR!     start

npm ERR! A complete log of this run can be found in:
npm ERR!     /root/.npm/_logs/2020-09-07T18_51_00_403Z-debug.log
npm ERR! missing script: start_prod
npm ERR! 
npm ERR! Did you mean this?
npm ERR!     start

npm ERR! A complete log of this run can be found in:
npm ERR!     /root/.npm/_logs/2020-09-07T18_51_01_050Z-debug.log
npm ERR! missing script: start_prod
npm ERR! 
npm ERR! Did you mean this?
npm ERR!     start

npm ERR! A complete log of this run can be found in:
npm ERR!     /root/.npm/_logs/2020-09-07T18_51_01_646Z-debug.log
npm ERR! missing script: start_prod
npm ERR! 
npm ERR! Did you mean this?
npm ERR!     start

npm ERR! A complete log of this run can be found in:
npm ERR!     /root/.npm/_logs/2020-09-07T18_51_02_236Z-debug.log
npm ERR! missing script: start_prod
npm ERR! 
npm ERR! Did you mean this?
npm ERR!     start

npm ERR! A complete log of this run can be found in:
npm ERR!     /root/.npm/_logs/2020-09-07T18_51_02_746Z-debug.log
npm ERR! missing script: start_prod
npm ERR! 
npm ERR! Did you mean this?
npm ERR!     start

npm ERR! A complete log of this run can be found in:
npm ERR!     /root/.npm/_logs/2020-09-07T18_51_03_258Z-debug.log
npm ERR! missing script: start_prod
npm ERR! 
npm ERR! Did you mean this?
npm ERR!     start

npm ERR! A complete log of this run can be found in:
npm ERR!     /root/.npm/_logs/2020-09-07T18_51_03_785Z-debug.log
npm ERR! missing script: start_prod
npm ERR! 
npm ERR! Did you mean this?
npm ERR!     start

npm ERR! A complete log of this run can be found in:
npm ERR!     /root/.npm/_logs/2020-09-07T18_51_04_239Z-debug.log
npm ERR! missing script: start_prod
npm ERR! 
npm ERR! Did you mean this?
npm ERR!     start

npm ERR! A complete log of this run can be found in:
npm ERR!     /root/.npm/_logs/2020-09-07T18_51_04_771Z-debug.log
npm ERR! missing script: start_prod
npm ERR! 
npm ERR! Did you mean this?
npm ERR!     start

npm ERR! A complete log of this run can be found in:
npm ERR!     /root/.npm/_logs/2020-09-07T18_51_05_246Z-debug.log
npm ERR! missing script: start_prod
npm ERR! 
npm ERR! Did you mean this?
npm ERR!     start

npm ERR! A complete log of this run can be found in:
npm ERR!     /root/.npm/_logs/2020-09-07T18_51_05_805Z-debug.log
npm ERR! missing script: start_prod
npm ERR! 
npm ERR! Did you mean this?
npm ERR!     start

npm ERR! A complete log of this run can be found in:
npm ERR!     /root/.npm/_logs/2020-09-07T18_51_06_319Z-debug.log
npm ERR! missing script: start_prod
npm ERR! 
npm ERR! Did you mean this?
npm ERR!     start

npm ERR! A complete log of this run can be found in:
npm ERR!     /root/.npm/_logs/2020-09-07T18_51_06_840Z-debug.log
npm ERR! missing script: start_prod
npm ERR! 
npm ERR! Did you mean this?
npm ERR!     start

npm ERR! A complete log of this run can be found in:
npm ERR!     /root/.npm/_logs/2020-09-07T18_51_07_425Z-debug.log
npm ERR! missing script: start_prod
npm ERR! 
npm ERR! Did you mean this?
npm ERR!     start

npm ERR! A complete log of this run can be found in:
npm ERR!     /root/.npm/_logs/2020-09-07T18_51_07_922Z-debug.log
npm ERR! missing script: start_prod
npm ERR! 
npm ERR! Did you mean this?
npm ERR!     start

npm ERR! A complete log of this run can be found in:
npm ERR!     /root/.npm/_logs/2020-09-07T18_51_08_550Z-debug.log
npm ERR! missing script: start_prod
npm ERR! 
npm ERR! Did you mean this?
npm ERR!     start

npm ERR! A complete log of this run can be found in:
npm ERR!     /root/.npm/_logs/2020-09-07T18_51_09_015Z-debug.log
npm ERR! missing script: start_prod
npm ERR! 
npm ERR! Did you mean this?
npm ERR!     start

npm ERR! A complete log of this run can be found in:
npm ERR!     /root/.npm/_logs/2020-09-07T18_51_09_480Z-debug.log
npm ERR! missing script: start_prod
npm ERR! 
npm ERR! Did you mean this?
npm ERR!     start

npm ERR! A complete log of this run can be found in:
npm ERR!     /root/.npm/_logs/2020-09-07T18_51_10_023Z-debug.log
npm ERR! missing script: start_prod
npm ERR! 
npm ERR! Did you mean this?
npm ERR!     start

npm ERR! A complete log of this run can be found in:
npm ERR!     /root/.npm/_logs/2020-09-07T18_51_10_483Z-debug.log
npm ERR! missing script: start_prod
npm ERR! 
npm ERR! Did you mean this?
npm ERR!     start

npm ERR! A complete log of this run can be found in:
npm ERR!     /root/.npm/_logs/2020-09-07T18_51_11_001Z-debug.log
npm ERR! missing script: start_prod
npm ERR! 
npm ERR! Did you mean this?
npm ERR!     start

npm ERR! A complete log of this run can be found in:
npm ERR!     /root/.npm/_logs/2020-09-07T18_51_11_550Z-debug.log
npm ERR! missing script: start_prod
npm ERR! 
npm ERR! Did you mean this?
npm ERR!     start

npm ERR! A complete log of this run can be found in:
npm ERR!     /root/.npm/_logs/2020-09-07T18_51_12_095Z-debug.log
npm ERR! missing script: start_prod
npm ERR! 
npm ERR! Did you mean this?
npm ERR!     start

npm ERR! A complete log of this run can be found in:
npm ERR!     /root/.npm/_logs/2020-09-07T18_51_12_586Z-debug.log
npm ERR! missing script: start_prod
npm ERR! 
npm ERR! Did you mean this?
npm ERR!     start

npm ERR! A complete log of this run can be found in:
npm ERR!     /root/.npm/_logs/2020-09-07T18_51_13_039Z-debug.log
npm ERR! missing script: start_prod
npm ERR! 
npm ERR! Did you mean this?
npm ERR!     start

npm ERR! A complete log of this run can be found in:
npm ERR!     /root/.npm/_logs/2020-09-07T18_51_13_533Z-debug.log
npm ERR! missing script: start_prod
npm ERR! 
npm ERR! Did you mean this?
npm ERR!     start

npm ERR! A complete log of this run can be found in:
npm ERR!     /root/.npm/_logs/2020-09-07T18_51_14_062Z-debug.log
npm ERR! missing script: start_prod
npm ERR! 
npm ERR! Did you mean this?
npm ERR!     start

npm ERR! A complete log of this run can be found in:
npm ERR!     /root/.npm/_logs/2020-09-07T18_51_14_535Z-debug.log
npm ERR! missing script: start_prod
npm ERR! 
npm ERR! Did you mean this?
npm ERR!     start

npm ERR! A complete log of this run can be found in:
npm ERR!     /root/.npm/_logs/2020-09-07T18_51_15_109Z-debug.log
npm ERR! missing script: start_prod
npm ERR! 
npm ERR! Did you mean this?
npm ERR!     start

npm ERR! A complete log of this run can be found in:
npm ERR!     /root/.npm/_logs/2020-09-07T18_51_15_745Z-debug.log
npm ERR! missing script: start_prod
npm ERR! 
npm ERR! Did you mean this?
npm ERR!     start

npm ERR! A complete log of this run can be found in:
npm ERR!     /root/.npm/_logs/2020-09-07T18_51_16_261Z-debug.log
npm ERR! missing script: start_prod
npm ERR! 
npm ERR! Did you mean this?
npm ERR!     start

npm ERR! A complete log of this run can be found in:
npm ERR!     /root/.npm/_logs/2020-09-07T18_51_16_783Z-debug.log
npm ERR! missing script: start_prod
npm ERR! 
npm ERR! Did you mean this?
npm ERR!     start

npm ERR! A complete log of this run can be found in:
npm ERR!     /root/.npm/_logs/2020-09-07T18_51_17_295Z-debug.log
npm ERR! missing script: start_prod
npm ERR! 
npm ERR! Did you mean this?
npm ERR!     start

npm ERR! A complete log of this run can be found in:
npm ERR!     /root/.npm/_logs/2020-09-07T18_51_17_810Z-debug.log
npm ERR! missing script: start_prod
npm ERR! 
npm ERR! Did you mean this?
npm ERR!     start

npm ERR! A complete log of this run can be found in:
npm ERR!     /root/.npm/_logs/2020-09-07T18_51_18_330Z-debug.log
npm ERR! missing script: start_prod
npm ERR! 
npm ERR! Did you mean this?
npm ERR!     start

npm ERR! A complete log of this run can be found in:
npm ERR!     /root/.npm/_logs/2020-09-07T18_51_18_872Z-debug.log
npm ERR! missing script: start_prod
npm ERR! 
npm ERR! Did you mean this?
npm ERR!     start

npm ERR! A complete log of this run can be found in:
npm ERR!     /root/.npm/_logs/2020-09-07T18_51_19_394Z-debug.log
npm ERR! missing script: start_prod
npm ERR! 
npm ERR! Did you mean this?
npm ERR!     start

npm ERR! A complete log of this run can be found in:
npm ERR!     /root/.npm/_logs/2020-09-07T18_51_19_890Z-debug.log
npm ERR! missing script: start_prod
npm ERR! 
npm ERR! Did you mean this?
npm ERR!     start

npm ERR! A complete log of this run can be found in:
npm ERR!     /root/.npm/_logs/2020-09-07T18_51_20_388Z-debug.log
npm ERR! missing script: start_prod
npm ERR! 
npm ERR! Did you mean this?
npm ERR!     start

npm ERR! A complete log of this run can be found in:
npm ERR!     /root/.npm/_logs/2020-09-07T18_51_20_900Z-debug.log
npm ERR! missing script: start_prod
npm ERR! 
npm ERR! Did you mean this?
npm ERR!     start

npm ERR! A complete log of this run can be found in:
npm ERR!     /root/.npm/_logs/2020-09-07T18_51_21_465Z-debug.log
npm ERR! missing script: start_prod
npm ERR! 
npm ERR! Did you mean this?
npm ERR!     start

npm ERR! A complete log of this run can be found in:
npm ERR!     /root/.npm/_logs/2020-09-07T18_51_22_080Z-debug.log
npm ERR! missing script: start_prod
npm ERR! 
npm ERR! Did you mean this?
npm ERR!     start

npm ERR! A complete log of this run can be found in:
npm ERR!     /root/.npm/_logs/2020-09-07T18_51_22_714Z-debug.log
npm ERR! missing script: start_prod
npm ERR! 
npm ERR! Did you mean this?
npm ERR!     start

npm ERR! A complete log of this run can be found in:
npm ERR!     /root/.npm/_logs/2020-09-07T18_51_23_370Z-debug.log
npm ERR! missing script: start_prod
npm ERR! 
npm ERR! Did you mean this?
npm ERR!     start

npm ERR! A complete log of this run can be found in:
npm ERR!     /root/.npm/_logs/2020-09-07T18_51_23_994Z-debug.log
npm ERR! missing script: start_prod
npm ERR! 
npm ERR! Did you mean this?
npm ERR!     start

npm ERR! A complete log of this run can be found in:
npm ERR!     /root/.npm/_logs/2020-09-07T18_51_24_632Z-debug.log
npm ERR! missing script: start_prod
npm ERR! 
npm ERR! Did you mean this?
npm ERR!     start

npm ERR! A complete log of this run can be found in:
npm ERR!     /root/.npm/_logs/2020-09-07T18_51_25_306Z-debug.log
npm ERR! missing script: start_prod
npm ERR! 
npm ERR! Did you mean this?
npm ERR!     start

npm ERR! A complete log of this run can be found in:
npm ERR!     /root/.npm/_logs/2020-09-07T18_51_25_866Z-debug.log
npm ERR! missing script: start_prod
npm ERR! 
npm ERR! Did you mean this?
npm ERR!     start

npm ERR! A complete log of this run can be found in:
npm ERR!     /root/.npm/_logs/2020-09-07T18_51_26_422Z-debug.log
npm ERR! missing script: start_prod
npm ERR! 
npm ERR! Did you mean this?
npm ERR!     start

npm ERR! A complete log of this run can be found in:
npm ERR!     /root/.npm/_logs/2020-09-07T18_51_27_007Z-debug.log
npm ERR! missing script: start_prod
npm ERR! 
npm ERR! Did you mean this?
npm ERR!     start

npm ERR! A complete log of this run can be found in:
npm ERR!     /root/.npm/_logs/2020-09-07T18_51_27_575Z-debug.log
npm ERR! missing script: start_prod
npm ERR! 
npm ERR! Did you mean this?
npm ERR!     start

npm ERR! A complete log of this run can be found in:
npm ERR!     /root/.npm/_logs/2020-09-07T18_51_28_118Z-debug.log
npm ERR! missing script: start_prod
npm ERR! 
npm ERR! Did you mean this?
npm ERR!     start

npm ERR! A complete log of this run can be found in:
npm ERR!     /root/.npm/_logs/2020-09-07T18_51_28_560Z-debug.log
npm ERR! missing script: start_prod
npm ERR! 
npm ERR! Did you mean this?
npm ERR!     start

npm ERR! A complete log of this run can be found in:
npm ERR!     /root/.npm/_logs/2020-09-07T18_51_29_125Z-debug.log
npm ERR! missing script: start_prod
npm ERR! 
npm ERR! Did you mean this?
npm ERR!     start

npm ERR! A complete log of this run can be found in:
npm ERR!     /root/.npm/_logs/2020-09-07T18_51_29_572Z-debug.log
npm ERR! missing script: start_prod
npm ERR! 
npm ERR! Did you mean this?
npm ERR!     start

npm ERR! A complete log of this run can be found in:
npm ERR!     /root/.npm/_logs/2020-09-07T18_51_30_087Z-debug.log
npm ERR! missing script: start_prod
npm ERR! 
npm ERR! Did you mean this?
npm ERR!     start

npm ERR! A complete log of this run can be found in:
npm ERR!     /root/.npm/_logs/2020-09-07T18_51_30_639Z-debug.log
npm ERR! missing script: start_prod
npm ERR! 
npm ERR! Did you mean this?
npm ERR!     start

npm ERR! A complete log of this run can be found in:
npm ERR!     /root/.npm/_logs/2020-09-07T18_51_31_178Z-debug.log
npm ERR! missing script: start_prod
npm ERR! 
npm ERR! Did you mean this?
npm ERR!     start

npm ERR! A complete log of this run can be found in:
npm ERR!     /root/.npm/_logs/2020-09-07T18_51_31_787Z-debug.log
npm ERR! missing script: start_prod
npm ERR! 
npm ERR! Did you mean this?
npm ERR!     start

npm ERR! A complete log of this run can be found in:
npm ERR!     /root/.npm/_logs/2020-09-07T18_51_32_505Z-debug.log
npm ERR! missing script: start_prod
npm ERR! 
npm ERR! Did you mean this?
npm ERR!     start

npm ERR! A complete log of this run can be found in:
npm ERR!     /root/.npm/_logs/2020-09-07T18_51_33_219Z-debug.log
npm ERR! missing script: start_prod
npm ERR! 
npm ERR! Did you mean this?
npm ERR!     start

npm ERR! A complete log of this run can be found in:
npm ERR!     /root/.npm/_logs/2020-09-07T18_51_33_977Z-debug.log
npm ERR! missing script: start_prod
npm ERR! 
npm ERR! Did you mean this?
npm ERR!     start

npm ERR! A complete log of this run can be found in:
npm ERR!     /root/.npm/_logs/2020-09-07T18_51_34_804Z-debug.log
npm ERR! missing script: start_prod
npm ERR! 
npm ERR! Did you mean this?
npm ERR!     start

npm ERR! A complete log of this run can be found in:
npm ERR!     /root/.npm/_logs/2020-09-07T18_51_35_453Z-debug.log
npm ERR! missing script: start_prod
npm ERR! 
npm ERR! Did you mean this?
npm ERR!     start

npm ERR! A complete log of this run can be found in:
npm ERR!     /root/.npm/_logs/2020-09-07T18_51_36_077Z-debug.log
npm ERR! missing script: start_prod
npm ERR! 
npm ERR! Did you mean this?
npm ERR!     start

npm ERR! A complete log of this run can be found in:
npm ERR!     /root/.npm/_logs/2020-09-07T18_51_36_606Z-debug.log
npm ERR! missing script: start_prod
npm ERR! 
npm ERR! Did you mean this?
npm ERR!     start

npm ERR! A complete log of this run can be found in:
npm ERR!     /root/.npm/_logs/2020-09-07T18_51_37_117Z-debug.log
npm ERR! missing script: start_prod
npm ERR! 
npm ERR! Did you mean this?
npm ERR!     start

npm ERR! A complete log of this run can be found in:
npm ERR!     /root/.npm/_logs/2020-09-07T18_51_37_781Z-debug.log
npm ERR! missing script: start_prod
npm ERR! 
npm ERR! Did you mean this?
npm ERR!     start

npm ERR! A complete log of this run can be found in:
npm ERR!     /root/.npm/_logs/2020-09-07T18_51_38_376Z-debug.log
npm ERR! missing script: start_prod
npm ERR! 
npm ERR! Did you mean this?
npm ERR!     start

npm ERR! A complete log of this run can be found in:
npm ERR!     /root/.npm/_logs/2020-09-07T18_51_38_971Z-debug.log
npm ERR! missing script: start_prod
npm ERR! 
npm ERR! Did you mean this?
npm ERR!     start

npm ERR! A complete log of this run can be found in:
npm ERR!     /root/.npm/_logs/2020-09-07T18_51_39_474Z-debug.log
npm ERR! missing script: start_prod
npm ERR! 
npm ERR! Did you mean this?
npm ERR!     start

npm ERR! A complete log of this run can be found in:
npm ERR!     /root/.npm/_logs/2020-09-07T18_51_39_985Z-debug.log
npm ERR! missing script: start_prod
npm ERR! 
npm ERR! Did you mean this?
npm ERR!     start

npm ERR! A complete log of this run can be found in:
npm ERR!     /root/.npm/_logs/2020-09-07T18_51_40_520Z-debug.log
npm ERR! missing script: start_prod
npm ERR! 
npm ERR! Did you mean this?
npm ERR!     start

npm ERR! A complete log of this run can be found in:
npm ERR!     /root/.npm/_logs/2020-09-07T18_51_41_045Z-debug.log
npm ERR! missing script: start_prod
npm ERR! 
npm ERR! Did you mean this?
npm ERR!     start

npm ERR! A complete log of this run can be found in:
npm ERR!     /root/.npm/_logs/2020-09-07T18_51_41_570Z-debug.log
npm ERR! missing script: start_prod
npm ERR! 
npm ERR! Did you mean this?
npm ERR!     start

npm ERR! A complete log of this run can be found in:
npm ERR!     /root/.npm/_logs/2020-09-07T18_51_42_089Z-debug.log
npm ERR! missing script: start_prod
npm ERR! 
npm ERR! Did you mean this?
npm ERR!     start

npm ERR! A complete log of this run can be found in:
npm ERR!     /root/.npm/_logs/2020-09-07T18_51_42_573Z-debug.log
npm ERR! missing script: start_prod
npm ERR! 
npm ERR! Did you mean this?
npm ERR!     start

npm ERR! A complete log of this run can be found in:
npm ERR!     /root/.npm/_logs/2020-09-07T18_51_43_055Z-debug.log
npm ERR! missing script: start_prod
npm ERR! 
npm ERR! Did you mean this?
npm ERR!     start

npm ERR! A complete log of this run can be found in:
npm ERR!     /root/.npm/_logs/2020-09-07T18_51_43_516Z-debug.log
npm ERR! missing script: start_prod
npm ERR! 
npm ERR! Did you mean this?
npm ERR!     start

npm ERR! A complete log of this run can be found in:
npm ERR!     /root/.npm/_logs/2020-09-07T18_51_44_109Z-debug.log
npm ERR! missing script: start_prod
npm ERR! 
npm ERR! Did you mean this?
npm ERR!     start

npm ERR! A complete log of this run can be found in:
npm ERR!     /root/.npm/_logs/2020-09-07T18_51_44_674Z-debug.log
npm ERR! missing script: start_prod
npm ERR! 
npm ERR! Did you mean this?
npm ERR!     start

npm ERR! A complete log of this run can be found in:
npm ERR!     /root/.npm/_logs/2020-09-07T18_51_45_200Z-debug.log
npm ERR! missing script: start_prod
npm ERR! 
npm ERR! Did you mean this?
npm ERR!     start

npm ERR! A complete log of this run can be found in:
npm ERR!     /root/.npm/_logs/2020-09-07T18_51_45_797Z-debug.log
npm ERR! missing script: start_prod
npm ERR! 
npm ERR! Did you mean this?
npm ERR!     start

npm ERR! A complete log of this run can be found in:
npm ERR!     /root/.npm/_logs/2020-09-07T18_51_46_301Z-debug.log
npm ERR! missing script: start_prod
npm ERR! 
npm ERR! Did you mean this?
npm ERR!     start

npm ERR! A complete log of this run can be found in:
npm ERR!     /root/.npm/_logs/2020-09-07T18_51_46_776Z-debug.log
npm ERR! missing script: start_prod
npm ERR! 
npm ERR! Did you mean this?
npm ERR!     start

npm ERR! A complete log of this run can be found in:
npm ERR!     /root/.npm/_logs/2020-09-07T18_51_47_324Z-debug.log
npm ERR! missing script: start_prod
npm ERR! 
npm ERR! Did you mean this?
npm ERR!     start

npm ERR! A complete log of this run can be found in:
npm ERR!     /root/.npm/_logs/2020-09-07T18_51_47_890Z-debug.log
npm ERR! missing script: start_prod
npm ERR! 
npm ERR! Did you mean this?
npm ERR!     start

npm ERR! A complete log of this run can be found in:
npm ERR!     /root/.npm/_logs/2020-09-07T18_51_48_385Z-debug.log
npm ERR! missing script: start_prod
npm ERR! 
npm ERR!npm ERR! missing script: start_prod
npm ERR! 
npm ERR! Did you mean this?
npm ERR!     start

npm ERR! A complete log of this run can be found in:
npm ERR!     /root/.npm/_logs/2020-09-07T18_51_49_406Z-debug.log
npm ERR! missing script: start_prod
npm ERR! 
npm ERR! Did you mean this?
npm ERR!     start

npm ERR! A complete log of this run can be found in:
npm ERR!     /root/.npm/_logs/2020-09-07T18_51_49_950Z-debug.log
npm ERR! missing script: start_prod
npm ERR! 
npm ERR! Did you mean this?
npm ERR!     start

npm ERR! A complete log of this run can be found in:
npm ERR!     /root/.npm/_logs/2020-09-07T18_51_50_538Z-debug.log
npm ERR! missing script: start_prod
npm ERR! 
npm ERR! Did you mean this?
npm ERR!     start

npm ERR! A complete log of this run can be found in:
npm ERR!     /root/.npm/_logs/2020-09-07T18_51_51_009Z-debug.log
npm ERR! missing script: start_prod
npm ERR! 
npm ERR! Did you mean this?
npm ERR!     start

npm ERR! A complete log of this run can be found in:
npm ERR!     /root/.npm/_logs/2020-09-07T18_51_51_617Z-debug.log
npm ERR! missing script: start_prod
npm ERR! 
npm ERR! Did you mean this?
npm ERR!     start

npm ERR! A complete log of this run can be found in:
npm ERR!     /root/.npm/_logs/2020-09-07T18_51_52_124Z-debug.log
npm ERR! missing script: start_prod
npm ERR! 
npm ERR! Did you mean this?
npm ERR!     start

npm ERR! A complete log of this run can be found in:
npm ERR!     /root/.npm/_logs/2020-09-07T18_51_52_690Z-debug.log
npm ERR! missing script: start_prod
npm ERR! 
npm ERR! Did you mean this?
npm ERR!     start

npm ERR! A complete log of this run can be found in:
npm ERR!     /root/.npm/_logs/2020-09-07T18_51_53_130Z-debug.log
npm ERR! missing script: start_prod
npm ERR! 
npm ERR! Did you mean this?
npm ERR!     start

npm ERR! A complete log of this run can be found in:
npm ERR!     /root/.npm/_logs/2020-09-07T18_51_53_554Z-debug.log
npm ERR! missing script: start_prod
npm ERR! 
npm ERR! Did you mean this?
npm ERR!     start

npm ERR! A complete log of this run can be found in:
npm ERR!     /root/.npm/_logs/2020-09-07T18_51_54_056Z-debug.log
npm ERR! missing script: start_prod
npm ERR! 
npm ERR! Did you mean this?
npm ERR!     start

npm ERR! A complete log of this run can be found in:
npm ERR!     /root/.npm/_logs/2020-09-07T18_51_54_549Z-debug.log
npm ERR! missing script: start_prod
npm ERR! 
npm ERR! Did you mean this?
npm ERR!     start

npm ERR! A complete log of this run can be found in:
npm ERR!     /root/.npm/_logs/2020-09-07T18_51_55_107Z-debug.log
npm ERR! missing script: start_prod
npm ERR! 
npm ERR! Did you mean this?
npm ERR!     start

npm ERR! A complete log of this run can be found in:
npm ERR!     /root/.npm/_logs/2020-09-07T18_51_55_616Z-debug.log
npm ERR! missing script: start_prod
npm ERR! 
npm ERR! Did you mean this?
npm ERR!     start

npm ERR! A complete log of this run can be found in:
npm ERR!     /root/.npm/_logs/2020-09-07T18_51_56_182Z-debug.log
npm ERR! missing script: start_prod
npm ERR! 
npm ERR! Did you mean this?
npm ERR!     start

npm ERR! A complete log of this run can be found in:
npm ERR!     /root/.npm/_logs/2020-09-07T18_51_56_932Z-debug.log
npm ERR! missing script: start_prod
npm ERR! 
npm ERR! Did you mean this?
npm ERR!     start

npm ERR! A complete log of this run can be found in:
npm ERR!     /root/.npm/_logs/2020-09-07T18_51_57_396Z-debug.log
npm ERR! missing script: start_prod
npm ERR! 
npm ERR! Did you mean this?
npm ERR!     start

npm ERR! A complete log of this run can be found in:
npm ERR!     /root/.npm/_logs/2020-09-07T18_51_57_905Z-debug.log
npm ERR! missing script: start_prod
npm ERR! 
npm ERR! Did you mean this?
npm ERR!     start

npm ERR! A complete log of this run can be found in:
npm ERR!     /root/.npm/_logs/2020-09-07T18_51_58_489Z-debug.log
npm ERR! missing script: start_prod
npm ERR! 
npm ERR! Did you mean this?
npm ERR!     start

npm ERR! A complete log of this run can be found in:
npm ERR!     /root/.npm/_logs/2020-09-07T18_51_58_933Z-debug.log
npm ERR! missing script: start_prod
npm ERR! 
npm ERR! Did you mean this?
npm ERR!     start

npm ERR! A complete log of this run can be found in:
npm ERR!     /root/.npm/_logs/2020-09-07T18_51_59_506Z-debug.log
npm ERR! missing script: start_prod
npm ERR! 
npm ERR! Did you mean this?
npm ERR!     start

npm ERR! A complete log of this run can be found in:
npm ERR!     /root/.npm/_logs/2020-09-07T18_52_00_053Z-debug.log
npm ERR! missing script: start_prod
npm ERR! 
npm ERR! Did you mean this?
npm ERR!     start

npm ERR! A complete log of this run can be found in:
npm ERR!     /root/.npm/_logs/2020-09-07T18_52_00_764Z-debug.log
npm ERR! missing script: start_prod
npm ERR! 
npm ERR! Did you mean this?
npm ERR!     start

npm ERR! A complete log of this run can be found in:
npm ERR!     /root/.npm/_logs/2020-09-07T18_52_01_366Z-debug.log
npm ERR! missing script: start_prod
npm ERR! 
npm ERR! Did you mean this?
npm ERR!     start

npm ERR! A complete log of this run can be found in:
npm ERR!     /root/.npm/_logs/2020-09-07T18_52_01_938Z-debug.log
npm ERR! missing script: start_prod
npm ERR! 
npm ERR! Did you mean this?
npm ERR!     start

npm ERR! A complete log of this run can be found in:
npm ERR!     /root/.npm/_logs/2020-09-07T18_52_02_441Z-debug.log
npm ERR! missing script: start_prod
npm ERR! 
npm ERR! Did you mean this?
npm ERR!     start

npm ERR! A complete log of this run can be found in:
npm ERR!     /root/.npm/_logs/2020-09-07T18_52_03_019Z-debug.log
npm ERR! missing script: start_prod
npm ERR! 
npm ERR! Did you mean this?
npm ERR!     start

npm ERR! A complete log of this run can be found in:
npm ERR!     /root/.npm/_logs/2020-09-07T18_52_03_524Z-debug.log
npm ERR! missing script: start_prod
npm ERR! 
npm ERR! Did you mean this?
npm ERR!     start

npm ERR! A complete log of this run can be found in:
npm ERR!     /root/.npm/_logs/2020-09-07T18_52_03_991Z-debug.log
npm ERR! missing script: start_prod
npm ERR! 
npm ERR! Did you mean this?
npm ERR!     start

npm ERR! A complete log of this run can be found in:
npm ERR!     /root/.npm/_logs/2020-09-07T18_52_04_499Z-debug.log
npmnpm ERR! missing script: start_prod
npm ERR! 
npm ERR! Did you mean this?
npm ERR!     start

npm ERR! A complete log of this run can be found in:
npm ERR!     /root/.npm/_logs/2020-09-07T18_52_05_443Z-debug.log
npm ERR! missing script: start_prod
npm ERR! 
npm ERR! Did you mean this?
npm ERR!     start

npm ERR! A complete log of this run can be found in:
npm ERR!     /root/.npm/_logs/2020-09-07T18_52_05_968Z-debug.log
npm ERR! missing script: start_prod
npm ERR! 
npm ERR! Did you mean this?
npm ERR!     start

npm ERR! A complete log of this run can be found in:
npm ERR!     /root/.npm/_logs/2020-09-07T18_52_06_432Z-debug.log
npm ERR! missing script: start_prod
npm ERR! 
npm ERR! Did you mean this?
npm ERR!     start

npm ERR! A complete log of this run can be found in:
npm ERR!     /root/.npm/_logs/2020-09-07T18_52_06_998Z-debug.log
npm ERR! missing script: start_prod
npm ERR! 
npm ERR! Did you mean this?
npm ERR!     start

npm ERR! A complete log of this run can be found in:
npm ERR!     /root/.npm/_logs/2020-09-07T18_52_07_591Z-debug.log
